2023-06-27_20:21:51.328 [JavaFX Application Thread] TRACE c.h.Main - Staff account is prepared.
2023-06-27_20:21:51.333 [JavaFX Application Thread] TRACE c.h.Main - Rooms Information is prepared.
2023-06-27_20:21:52.081 [JavaFX Application Thread] TRACE c.h.Main - Enter Login Page.
2023-06-27_20:21:56.327 [JavaFX Application Thread] DEBUG c.h.c.LoginController - Login Button is clicked.
2023-06-27_20:21:56.328 [JavaFX Application Thread] INFO  c.h.c.LoginController - Entered Account: Sauyang | Password: 123456
2023-06-27_20:21:56.695 [JavaFX Application Thread] TRACE c.h.c.LoginController - Enter Main Page.
2023-06-27_20:21:57.717 [JavaFX Application Thread] DEBUG c.h.c.MainPageController - Booking Now Button / Select -> Rooms Booking is clicked.
2023-06-27_20:21:58.056 [JavaFX Application Thread] TRACE c.h.c.MainPageController - Enter Rooms Booking Page.
2023-06-27_20:21:59.888 [JavaFX Application Thread] DEBUG c.h.c.RoomsBookingPageController - ChoiceBox / DatePickerStart / DatePickerEnd is clicked.
2023-06-27_20:22:01.461 [JavaFX Application Thread] DEBUG c.h.c.RoomsBookingPageController - ChoiceBox / DatePickerStart / DatePickerEnd is clicked.
2023-06-27_20:22:02.443 [JavaFX Application Thread] DEBUG c.h.c.RoomsBookingPageController - TableView row is clicked, RoomA-01 is selected.
2023-06-27_20:22:02.450 [JavaFX Application Thread] TRACE c.h.c.RoomsBookingPageController - Selected Room(s) is added into listView.
2023-06-27_20:22:03.464 [JavaFX Application Thread] DEBUG c.h.c.RoomsBookingPageController - Proceed Button is Clicked.
2023-06-27_20:22:03.470 [JavaFX Application Thread] INFO  c.h.c.RoomsBookingPageController - Selected Rooms: {[1, 27-06-2023, 28-06-2023, A-01]=Room{roomID='A-01'}}
2023-06-27_20:22:03.560 [JavaFX Application Thread] TRACE c.h.c.CustomerDetailsPageController - Selected Room(s) is added into listView.
2023-06-27_20:22:03.562 [JavaFX Application Thread] TRACE c.h.c.CustomerDetailsPageController - Customer data is loaded from Customer.txt.
2023-06-27_20:22:03.668 [JavaFX Application Thread] TRACE c.h.c.RoomsBookingPageController - Enter Customer Details Page.
2023-06-27_20:22:12.794 [JavaFX Application Thread] DEBUG c.h.c.CustomerDetailsPageController - Refresh Button is clicked.
2023-06-27_20:22:12.795 [JavaFX Application Thread] DEBUG c.h.c.CustomerDetailsPageController - RadioButton IC is selected.
2023-06-27_20:22:12.801 [JavaFX Application Thread] INFO  c.h.c.CustomerDetailsPageController - Customer Info is found on existed file: Customer{customerName='Sauyang', icNumber='030508011219', passportNumber='null', contactNumber='0107761223', email='sauyangsim@gmail.com'}
2023-06-27_20:22:14.536 [JavaFX Application Thread] DEBUG c.h.c.CustomerDetailsPageController - Checkout Button is clicked.
2023-06-27_20:22:14.536 [JavaFX Application Thread] DEBUG c.h.c.CustomerDetailsPageController - RadioButton IC is selected.
2023-06-27_20:22:14.538 [JavaFX Application Thread] INFO  c.h.c.CustomerDetailsPageController - Customer Info is found on existed file: Customer{customerName='Sauyang', icNumber='030508011219', passportNumber='null', contactNumber='0107761223', email='sauyangsim@gmail.com'}
2023-06-27_20:22:14.538 [JavaFX Application Thread] INFO  c.h.c.CustomerDetailsPageController - Customer Info: Customer{customerName='Sauyang', icNumber='030508011219', passportNumber='null', contactNumber='0107761223', email='sauyangsim@gmail.com'}
2023-06-27_20:22:14.564 [JavaFX Application Thread] TRACE c.h.c.CheckOutPageController - Current check out time is set: 2023-06-27 20:22 Tue
2023-06-27_20:22:14.568 [JavaFX Application Thread] TRACE c.h.c.CheckOutPageController - Checkout TableView is set.
2023-06-27_20:22:14.569 [JavaFX Application Thread] INFO  c.h.c.CheckOutPageController - Total Price Calculated: 385.0
2023-06-27_20:22:14.654 [JavaFX Application Thread] TRACE c.h.c.CustomerDetailsPageController - Enter Check Out Page.
2023-06-27_20:22:16.846 [JavaFX Application Thread] DEBUG c.h.c.CheckOutPageController - Place booking button is clicked.
2023-06-27_20:22:17.039 [JavaFX Application Thread] TRACE c.h.c.CheckOutPageController - Enter /com.hotelbooking.gui/MainPage.
2023-06-27_20:22:17.048 [JavaFX Application Thread] INFO  c.h.c.CheckOutPageController - Booking Details conformed: BookingDetails{receiptId='Z1', customerIcNumber='030508011219', customerPassportNumber='null', customerName='Sauyang', receiptGeneratedTime='2023-06-27 20:22:17', paymentMethod='E-Wallet', roomDetails={[1, 27-06-2023, 28-06-2023, A-01, 350.0]=A-01}, subTotal=350.0, serviceTax=35.0, tourismTax=0.0, totalPrice=385.0}
2023-06-27_20:22:17.051 [JavaFX Application Thread] TRACE c.h.c.CheckOutPageController - Booking Details saved to BookingDetails.txt
2023-06-27_20:22:17.053 [JavaFX Application Thread] TRACE c.h.c.CheckOutPageController - Booking Details saved to daily txt file.
2023-06-27_20:22:17.124 [JavaFX Application Thread] TRACE c.h.c.ReceiptPageController - Booking Details filled into receipt.
2023-06-27_20:22:17.268 [JavaFX Application Thread] TRACE c.h.c.CheckOutPageController - Open Receipt Page.
2023-06-27_20:22:18.392 [JavaFX Application Thread] DEBUG c.h.c.ReceiptPageController - Save Button is clicked.
2023-06-27_20:22:18.683 [JavaFX Application Thread] INFO  c.h.c.ReceiptPageController - Scene saved to src/main/resources/ABCHotelInfo/receipt/Z1.png
2023-06-27_20:22:18.697 [JavaFX Application Thread] TRACE c.h.c.ReceiptPageController - Close Receipt Page.
2023-06-27_20:30:20.330 [JavaFX Application Thread] DEBUG c.h.c.MainPageController - Booking Now Button / Select -> Rooms Booking is clicked.
2023-06-27_20:30:20.407 [JavaFX Application Thread] TRACE c.h.c.MainPageController - Enter Rooms Booking Page.
2023-06-27_20:30:26.300 [JavaFX Application Thread] DEBUG c.h.c.RoomsBookingPageController - ChoiceBox / DatePickerStart / DatePickerEnd is clicked.
2023-06-27_20:30:38.852 [JavaFX Application Thread] DEBUG c.h.c.RoomsBookingPageController - ChoiceBox / DatePickerStart / DatePickerEnd is clicked.
2023-06-27_20:30:38.855 [JavaFX Application Thread] TRACE c.h.c.RoomsBookingPageController - Filename: 27-06-2023.txt is searched.
2023-06-27_20:30:45.099 [JavaFX Application Thread] DEBUG c.h.c.RoomsBookingPageController - TableView row is clicked, RoomA-02 is selected.
2023-06-27_20:30:45.099 [JavaFX Application Thread] TRACE c.h.c.RoomsBookingPageController - Selected Room(s) is added into listView.
2023-06-27_20:30:47.829 [JavaFX Application Thread] DEBUG c.h.c.RoomsBookingPageController - ChoiceBox / DatePickerStart / DatePickerEnd is clicked.
2023-06-27_20:30:47.832 [JavaFX Application Thread] TRACE c.h.c.RoomsBookingPageController - Filename: 27-06-2023.txt is searched.
2023-06-27_20:30:54.250 [JavaFX Application Thread] DEBUG c.h.c.RoomsBookingPageController - TableView row is clicked, RoomA-03 is selected.
2023-06-27_20:30:54.251 [JavaFX Application Thread] TRACE c.h.c.RoomsBookingPageController - Selected Room(s) is added into listView.
2023-06-27_20:31:01.301 [JavaFX Application Thread] DEBUG c.h.c.RoomsBookingPageController - ChoiceBox / DatePickerStart / DatePickerEnd is clicked.
2023-06-27_20:31:04.311 [JavaFX Application Thread] WARN  c.h.c.RoomsBookingPageController - The selected check out date is before check in date.
2023-06-27_20:31:07.824 [JavaFX Application Thread] DEBUG c.h.c.RoomsBookingPageController - ChoiceBox / DatePickerStart / DatePickerEnd is clicked.
2023-06-27_20:31:16.628 [JavaFX Application Thread] DEBUG c.h.c.RoomsBookingPageController - TableView row is clicked, RoomA-02 is selected.
2023-06-27_20:31:16.629 [JavaFX Application Thread] TRACE c.h.c.RoomsBookingPageController - Selected Room(s) is added into listView.
2023-06-27_20:31:19.085 [JavaFX Application Thread] DEBUG c.h.c.RoomsBookingPageController - Proceed Button is Clicked.
2023-06-27_20:31:19.085 [JavaFX Application Thread] INFO  c.h.c.RoomsBookingPageController - Selected Rooms: {[1, 01-07-2023, 02-07-2023, A-02]=Room{roomID='A-02'}, [1, 27-06-2023, 28-06-2023, A-02]=Room{roomID='A-02'}, [2, 27-06-2023, 29-06-2023, A-03]=Room{roomID='A-03'}}
2023-06-27_20:31:19.149 [JavaFX Application Thread] TRACE c.h.c.CustomerDetailsPageController - Selected Room(s) is added into listView.
2023-06-27_20:31:19.150 [JavaFX Application Thread] TRACE c.h.c.CustomerDetailsPageController - Customer data is loaded from Customer.txt.
2023-06-27_20:31:19.181 [JavaFX Application Thread] TRACE c.h.c.RoomsBookingPageController - Enter Customer Details Page.
2023-06-27_20:31:26.620 [JavaFX Application Thread] DEBUG c.h.c.CustomerDetailsPageController - RadioButton Passport is selected.
2023-06-27_20:31:26.621 [JavaFX Application Thread] INFO  c.h.c.CustomerDetailsPageController - Customer Info is found on existed file: Customer{customerName='Jisoo', icNumber='null', passportNumber='HH1234567', contactNumber='5201314999', email='ILoveJisoo@icloud.com'}
2023-06-27_20:31:27.359 [JavaFX Application Thread] DEBUG c.h.c.CustomerDetailsPageController - Checkout Button is clicked.
2023-06-27_20:31:27.360 [JavaFX Application Thread] DEBUG c.h.c.CustomerDetailsPageController - RadioButton Passport is selected.
2023-06-27_20:31:27.360 [JavaFX Application Thread] INFO  c.h.c.CustomerDetailsPageController - Customer Info is found on existed file: Customer{customerName='Jisoo', icNumber='null', passportNumber='HH1234567', contactNumber='5201314999', email='ILoveJisoo@icloud.com'}
2023-06-27_20:31:27.361 [JavaFX Application Thread] INFO  c.h.c.CustomerDetailsPageController - Customer Info: Customer{customerName='Jisoo', icNumber='null', passportNumber='HH1234567', contactNumber='5201314999', email='ILoveJisoo@icloud.com'}
2023-06-27_20:31:27.383 [JavaFX Application Thread] TRACE c.h.c.CheckOutPageController - Current check out time is set: 2023-06-27 20:31 Tue
2023-06-27_20:31:27.384 [JavaFX Application Thread] TRACE c.h.c.CheckOutPageController - Checkout TableView is set.
2023-06-27_20:31:27.384 [JavaFX Application Thread] INFO  c.h.c.CheckOutPageController - Total Price Calculated: 1580.0
2023-06-27_20:31:27.444 [JavaFX Application Thread] TRACE c.h.c.CustomerDetailsPageController - Enter Check Out Page.
2023-06-27_20:31:29.573 [JavaFX Application Thread] DEBUG c.h.c.CheckOutPageController - Place booking button is clicked.
2023-06-27_20:31:29.573 [JavaFX Application Thread] WARN  c.h.c.CheckOutPageController - Payment method is not defined.
2023-06-27_20:31:31.618 [JavaFX Application Thread] DEBUG c.h.c.CheckOutPageController - Place booking button is clicked.
2023-06-27_20:31:31.847 [JavaFX Application Thread] TRACE c.h.c.CheckOutPageController - Enter /com.hotelbooking.gui/MainPage.
2023-06-27_20:31:31.850 [JavaFX Application Thread] INFO  c.h.c.CheckOutPageController - Booking Details conformed: BookingDetails{receiptId='Z2', customerIcNumber='null', customerPassportNumber='HH1234567', customerName='Jisoo', receiptGeneratedTime='2023-06-27 20:31:31', paymentMethod='Card', roomDetails={[1, 01-07-2023, 02-07-2023, A-02, 350.0]=A-02, [1, 27-06-2023, 28-06-2023, A-02, 350.0]=A-02, [2, 27-06-2023, 29-06-2023, A-03, 700.0]=A-03}, subTotal=1400.0, serviceTax=140.0, tourismTax=40.0, totalPrice=1580.0}
2023-06-27_20:31:31.851 [JavaFX Application Thread] TRACE c.h.c.CheckOutPageController - Booking Details saved to BookingDetails.txt
2023-06-27_20:31:31.853 [JavaFX Application Thread] TRACE c.h.c.CheckOutPageController - Booking Details saved to daily txt file.
2023-06-27_20:31:31.903 [JavaFX Application Thread] TRACE c.h.c.ReceiptPageController - Booking Details filled into receipt.
2023-06-27_20:31:31.977 [JavaFX Application Thread] TRACE c.h.c.CheckOutPageController - Open Receipt Page.
2023-06-27_20:31:33.248 [JavaFX Application Thread] DEBUG c.h.c.ReceiptPageController - Save Button is clicked.
2023-06-27_20:31:33.347 [JavaFX Application Thread] INFO  c.h.c.ReceiptPageController - Scene saved to src/main/resources/ABCHotelInfo/receipt/Z2.png
2023-06-27_20:31:33.355 [JavaFX Application Thread] TRACE c.h.c.ReceiptPageController - Close Receipt Page.
2023-06-27_22:55:16.100 [JavaFX Application Thread] DEBUG c.h.Main - 'X' (Close) Button is clicked.
2023-06-27_22:55:17.382 [JavaFX Application Thread] DEBUG c.h.Main - 'OK' is clicked. End Program.
